ARM GAS  C:\Users\SOHL.CYSEMI\AppData\Local\Temp\ccZ63ES7.s 			page 1


   1              		.syntax unified
   2              		.cpu cortex-m0plus
   3              		.fpu softvfp
   4              		.eabi_attribute 20, 1
   5              		.eabi_attribute 21, 1
   6              		.eabi_attribute 23, 3
   7              		.eabi_attribute 24, 1
   8              		.eabi_attribute 25, 1
   9              		.eabi_attribute 26, 1
  10              		.eabi_attribute 30, 1
  11              		.eabi_attribute 34, 0
  12              		.eabi_attribute 18, 4
  13              		.thumb
  14              		.syntax unified
  15              		.file	"main_cm0p.c"
  16              		.text
  17              	.Ltext0:
  18              		.cfi_sections	.debug_frame
  19              		.section	.text.main,"ax",%progbits
  20              		.align	2
  21              		.global	main
  22              		.code	16
  23              		.thumb_func
  24              		.type	main, %function
  25              	main:
  26              	.LFB240:
  27              		.file 1 "main_cm0p.c"
   1:main_cm0p.c   **** /* ========================================
   2:main_cm0p.c   ****  *
   3:main_cm0p.c   ****  * Copyright YOUR COMPANY, THE YEAR
   4:main_cm0p.c   ****  * All Rights Reserved
   5:main_cm0p.c   ****  * UNPUBLISHED, LICENSED SOFTWARE.
   6:main_cm0p.c   ****  *
   7:main_cm0p.c   ****  * CONFIDENTIAL AND PROPRIETARY INFORMATION
   8:main_cm0p.c   ****  * WHICH IS THE PROPERTY OF your company.
   9:main_cm0p.c   ****  *
  10:main_cm0p.c   ****  * ========================================
  11:main_cm0p.c   **** */
  12:main_cm0p.c   **** #include "project.h"
  13:main_cm0p.c   **** 
  14:main_cm0p.c   **** int main(void)
  15:main_cm0p.c   **** {
  28              		.loc 1 15 0
  29              		.cfi_startproc
  30              		@ Volatile: function does not return.
  31              		@ args = 0, pretend = 0, frame = 0
  32              		@ frame_needed = 0, uses_anonymous_args = 0
  33 0000 10B5     		push	{r4, lr}
  34              		.cfi_def_cfa_offset 8
  35              		.cfi_offset 4, -8
  36              		.cfi_offset 14, -4
  37              	.LBB4:
  38              	.LBB5:
  39              		.file 2 "Generated_Source\\PSoC6\\pdl\\cmsis/include/cmsis_gcc.h"
   1:Generated_Source\PSoC6\pdl\cmsis/include/cmsis_gcc.h **** /**************************************************************************//**
   2:Generated_Source\PSoC6\pdl\cmsis/include/cmsis_gcc.h ****  * @file     cmsis_gcc.h
   3:Generated_Source\PSoC6\pdl\cmsis/include/cmsis_gcc.h ****  * @brief    CMSIS compiler GCC header file
ARM GAS  C:\Users\SOHL.CYSEMI\AppData\Local\Temp\ccZ63ES7.s 			page 2


   4:Generated_Source\PSoC6\pdl\cmsis/include/cmsis_gcc.h ****  * @version  V5.0.3
   5:Generated_Source\PSoC6\pdl\cmsis/include/cmsis_gcc.h ****  * @date     16. January 2018
   6:Generated_Source\PSoC6\pdl\cmsis/include/cmsis_gcc.h ****  ******************************************************************************/
   7:Generated_Source\PSoC6\pdl\cmsis/include/cmsis_gcc.h **** /*
   8:Generated_Source\PSoC6\pdl\cmsis/include/cmsis_gcc.h ****  * Copyright (c) 2009-2017 ARM Limited. All rights reserved.
   9:Generated_Source\PSoC6\pdl\cmsis/include/cmsis_gcc.h ****  *
  10:Generated_Source\PSoC6\pdl\cmsis/include/cmsis_gcc.h ****  * SPDX-License-Identifier: Apache-2.0
  11:Generated_Source\PSoC6\pdl\cmsis/include/cmsis_gcc.h ****  *
  12:Generated_Source\PSoC6\pdl\cmsis/include/cmsis_gcc.h ****  * Licensed under the Apache License, Version 2.0 (the License); you may
  13:Generated_Source\PSoC6\pdl\cmsis/include/cmsis_gcc.h ****  * not use this file except in compliance with the License.
  14:Generated_Source\PSoC6\pdl\cmsis/include/cmsis_gcc.h ****  * You may obtain a copy of the License at
  15:Generated_Source\PSoC6\pdl\cmsis/include/cmsis_gcc.h ****  *
  16:Generated_Source\PSoC6\pdl\cmsis/include/cmsis_gcc.h ****  * www.apache.org/licenses/LICENSE-2.0
  17:Generated_Source\PSoC6\pdl\cmsis/include/cmsis_gcc.h ****  *
  18:Generated_Source\PSoC6\pdl\cmsis/include/cmsis_gcc.h ****  * Unless required by applicable law or agreed to in writing, software
  19:Generated_Source\PSoC6\pdl\cmsis/include/cmsis_gcc.h ****  * distributed under the License is distributed on an AS IS BASIS, WITHOUT
  20:Generated_Source\PSoC6\pdl\cmsis/include/cmsis_gcc.h ****  * WARRANTIES OR CONDITIONS OF ANY KIND, either express or implied.
  21:Generated_Source\PSoC6\pdl\cmsis/include/cmsis_gcc.h ****  * See the License for the specific language governing permissions and
  22:Generated_Source\PSoC6\pdl\cmsis/include/cmsis_gcc.h ****  * limitations under the License.
  23:Generated_Source\PSoC6\pdl\cmsis/include/cmsis_gcc.h ****  */
  24:Generated_Source\PSoC6\pdl\cmsis/include/cmsis_gcc.h **** 
  25:Generated_Source\PSoC6\pdl\cmsis/include/cmsis_gcc.h **** #ifndef __CMSIS_GCC_H
  26:Generated_Source\PSoC6\pdl\cmsis/include/cmsis_gcc.h **** #define __CMSIS_GCC_H
  27:Generated_Source\PSoC6\pdl\cmsis/include/cmsis_gcc.h **** 
  28:Generated_Source\PSoC6\pdl\cmsis/include/cmsis_gcc.h **** /* ignore some GCC warnings */
  29:Generated_Source\PSoC6\pdl\cmsis/include/cmsis_gcc.h **** #pragma GCC diagnostic push
  30:Generated_Source\PSoC6\pdl\cmsis/include/cmsis_gcc.h **** #pragma GCC diagnostic ignored "-Wsign-conversion"
  31:Generated_Source\PSoC6\pdl\cmsis/include/cmsis_gcc.h **** #pragma GCC diagnostic ignored "-Wconversion"
  32:Generated_Source\PSoC6\pdl\cmsis/include/cmsis_gcc.h **** #pragma GCC diagnostic ignored "-Wunused-parameter"
  33:Generated_Source\PSoC6\pdl\cmsis/include/cmsis_gcc.h **** 
  34:Generated_Source\PSoC6\pdl\cmsis/include/cmsis_gcc.h **** /* Fallback for __has_builtin */
  35:Generated_Source\PSoC6\pdl\cmsis/include/cmsis_gcc.h **** #ifndef __has_builtin
  36:Generated_Source\PSoC6\pdl\cmsis/include/cmsis_gcc.h ****   #define __has_builtin(x) (0)
  37:Generated_Source\PSoC6\pdl\cmsis/include/cmsis_gcc.h **** #endif
  38:Generated_Source\PSoC6\pdl\cmsis/include/cmsis_gcc.h **** 
  39:Generated_Source\PSoC6\pdl\cmsis/include/cmsis_gcc.h **** /* CMSIS compiler specific defines */
  40:Generated_Source\PSoC6\pdl\cmsis/include/cmsis_gcc.h **** #ifndef   __ASM
  41:Generated_Source\PSoC6\pdl\cmsis/include/cmsis_gcc.h ****   #define __ASM                                  __asm
  42:Generated_Source\PSoC6\pdl\cmsis/include/cmsis_gcc.h **** #endif
  43:Generated_Source\PSoC6\pdl\cmsis/include/cmsis_gcc.h **** #ifndef   __INLINE
  44:Generated_Source\PSoC6\pdl\cmsis/include/cmsis_gcc.h ****   #define __INLINE                               inline
  45:Generated_Source\PSoC6\pdl\cmsis/include/cmsis_gcc.h **** #endif
  46:Generated_Source\PSoC6\pdl\cmsis/include/cmsis_gcc.h **** #ifndef   __STATIC_INLINE
  47:Generated_Source\PSoC6\pdl\cmsis/include/cmsis_gcc.h ****   #define __STATIC_INLINE                        static inline
  48:Generated_Source\PSoC6\pdl\cmsis/include/cmsis_gcc.h **** #endif
  49:Generated_Source\PSoC6\pdl\cmsis/include/cmsis_gcc.h **** #ifndef   __STATIC_FORCEINLINE                 
  50:Generated_Source\PSoC6\pdl\cmsis/include/cmsis_gcc.h ****   #define __STATIC_FORCEINLINE                   __attribute__((always_inline)) static inline
  51:Generated_Source\PSoC6\pdl\cmsis/include/cmsis_gcc.h **** #endif                                           
  52:Generated_Source\PSoC6\pdl\cmsis/include/cmsis_gcc.h **** #ifndef   __NO_RETURN
  53:Generated_Source\PSoC6\pdl\cmsis/include/cmsis_gcc.h ****   #define __NO_RETURN                            __attribute__((__noreturn__))
  54:Generated_Source\PSoC6\pdl\cmsis/include/cmsis_gcc.h **** #endif
  55:Generated_Source\PSoC6\pdl\cmsis/include/cmsis_gcc.h **** #ifndef   __USED
  56:Generated_Source\PSoC6\pdl\cmsis/include/cmsis_gcc.h ****   #define __USED                                 __attribute__((used))
  57:Generated_Source\PSoC6\pdl\cmsis/include/cmsis_gcc.h **** #endif
  58:Generated_Source\PSoC6\pdl\cmsis/include/cmsis_gcc.h **** #ifndef   __WEAK
  59:Generated_Source\PSoC6\pdl\cmsis/include/cmsis_gcc.h ****   #define __WEAK                                 __attribute__((weak))
  60:Generated_Source\PSoC6\pdl\cmsis/include/cmsis_gcc.h **** #endif
ARM GAS  C:\Users\SOHL.CYSEMI\AppData\Local\Temp\ccZ63ES7.s 			page 3


  61:Generated_Source\PSoC6\pdl\cmsis/include/cmsis_gcc.h **** #ifndef   __PACKED
  62:Generated_Source\PSoC6\pdl\cmsis/include/cmsis_gcc.h ****   #define __PACKED                               __attribute__((packed, aligned(1)))
  63:Generated_Source\PSoC6\pdl\cmsis/include/cmsis_gcc.h **** #endif
  64:Generated_Source\PSoC6\pdl\cmsis/include/cmsis_gcc.h **** #ifndef   __PACKED_STRUCT
  65:Generated_Source\PSoC6\pdl\cmsis/include/cmsis_gcc.h ****   #define __PACKED_STRUCT                        struct __attribute__((packed, aligned(1)))
  66:Generated_Source\PSoC6\pdl\cmsis/include/cmsis_gcc.h **** #endif
  67:Generated_Source\PSoC6\pdl\cmsis/include/cmsis_gcc.h **** #ifndef   __PACKED_UNION
  68:Generated_Source\PSoC6\pdl\cmsis/include/cmsis_gcc.h ****   #define __PACKED_UNION                         union __attribute__((packed, aligned(1)))
  69:Generated_Source\PSoC6\pdl\cmsis/include/cmsis_gcc.h **** #endif
  70:Generated_Source\PSoC6\pdl\cmsis/include/cmsis_gcc.h **** #ifndef   __UNALIGNED_UINT32        /* deprecated */
  71:Generated_Source\PSoC6\pdl\cmsis/include/cmsis_gcc.h ****   #pragma GCC diagnostic push
  72:Generated_Source\PSoC6\pdl\cmsis/include/cmsis_gcc.h ****   #pragma GCC diagnostic ignored "-Wpacked"
  73:Generated_Source\PSoC6\pdl\cmsis/include/cmsis_gcc.h ****   #pragma GCC diagnostic ignored "-Wattributes"
  74:Generated_Source\PSoC6\pdl\cmsis/include/cmsis_gcc.h ****   struct __attribute__((packed)) T_UINT32 { uint32_t v; };
  75:Generated_Source\PSoC6\pdl\cmsis/include/cmsis_gcc.h ****   #pragma GCC diagnostic pop
  76:Generated_Source\PSoC6\pdl\cmsis/include/cmsis_gcc.h ****   #define __UNALIGNED_UINT32(x)                  (((struct T_UINT32 *)(x))->v)
  77:Generated_Source\PSoC6\pdl\cmsis/include/cmsis_gcc.h **** #endif
  78:Generated_Source\PSoC6\pdl\cmsis/include/cmsis_gcc.h **** #ifndef   __UNALIGNED_UINT16_WRITE
  79:Generated_Source\PSoC6\pdl\cmsis/include/cmsis_gcc.h ****   #pragma GCC diagnostic push
  80:Generated_Source\PSoC6\pdl\cmsis/include/cmsis_gcc.h ****   #pragma GCC diagnostic ignored "-Wpacked"
  81:Generated_Source\PSoC6\pdl\cmsis/include/cmsis_gcc.h ****   #pragma GCC diagnostic ignored "-Wattributes"
  82:Generated_Source\PSoC6\pdl\cmsis/include/cmsis_gcc.h ****   __PACKED_STRUCT T_UINT16_WRITE { uint16_t v; };
  83:Generated_Source\PSoC6\pdl\cmsis/include/cmsis_gcc.h ****   #pragma GCC diagnostic pop
  84:Generated_Source\PSoC6\pdl\cmsis/include/cmsis_gcc.h ****   #define __UNALIGNED_UINT16_WRITE(addr, val)    (void)((((struct T_UINT16_WRITE *)(void *)(addr))-
  85:Generated_Source\PSoC6\pdl\cmsis/include/cmsis_gcc.h **** #endif
  86:Generated_Source\PSoC6\pdl\cmsis/include/cmsis_gcc.h **** #ifndef   __UNALIGNED_UINT16_READ
  87:Generated_Source\PSoC6\pdl\cmsis/include/cmsis_gcc.h ****   #pragma GCC diagnostic push
  88:Generated_Source\PSoC6\pdl\cmsis/include/cmsis_gcc.h ****   #pragma GCC diagnostic ignored "-Wpacked"
  89:Generated_Source\PSoC6\pdl\cmsis/include/cmsis_gcc.h ****   #pragma GCC diagnostic ignored "-Wattributes"
  90:Generated_Source\PSoC6\pdl\cmsis/include/cmsis_gcc.h ****   __PACKED_STRUCT T_UINT16_READ { uint16_t v; };
  91:Generated_Source\PSoC6\pdl\cmsis/include/cmsis_gcc.h ****   #pragma GCC diagnostic pop
  92:Generated_Source\PSoC6\pdl\cmsis/include/cmsis_gcc.h ****   #define __UNALIGNED_UINT16_READ(addr)          (((const struct T_UINT16_READ *)(const void *)(add
  93:Generated_Source\PSoC6\pdl\cmsis/include/cmsis_gcc.h **** #endif
  94:Generated_Source\PSoC6\pdl\cmsis/include/cmsis_gcc.h **** #ifndef   __UNALIGNED_UINT32_WRITE
  95:Generated_Source\PSoC6\pdl\cmsis/include/cmsis_gcc.h ****   #pragma GCC diagnostic push
  96:Generated_Source\PSoC6\pdl\cmsis/include/cmsis_gcc.h ****   #pragma GCC diagnostic ignored "-Wpacked"
  97:Generated_Source\PSoC6\pdl\cmsis/include/cmsis_gcc.h ****   #pragma GCC diagnostic ignored "-Wattributes"
  98:Generated_Source\PSoC6\pdl\cmsis/include/cmsis_gcc.h ****   __PACKED_STRUCT T_UINT32_WRITE { uint32_t v; };
  99:Generated_Source\PSoC6\pdl\cmsis/include/cmsis_gcc.h ****   #pragma GCC diagnostic pop
 100:Generated_Source\PSoC6\pdl\cmsis/include/cmsis_gcc.h ****   #define __UNALIGNED_UINT32_WRITE(addr, val)    (void)((((struct T_UINT32_WRITE *)(void *)(addr))-
 101:Generated_Source\PSoC6\pdl\cmsis/include/cmsis_gcc.h **** #endif
 102:Generated_Source\PSoC6\pdl\cmsis/include/cmsis_gcc.h **** #ifndef   __UNALIGNED_UINT32_READ
 103:Generated_Source\PSoC6\pdl\cmsis/include/cmsis_gcc.h ****   #pragma GCC diagnostic push
 104:Generated_Source\PSoC6\pdl\cmsis/include/cmsis_gcc.h ****   #pragma GCC diagnostic ignored "-Wpacked"
 105:Generated_Source\PSoC6\pdl\cmsis/include/cmsis_gcc.h ****   #pragma GCC diagnostic ignored "-Wattributes"
 106:Generated_Source\PSoC6\pdl\cmsis/include/cmsis_gcc.h ****   __PACKED_STRUCT T_UINT32_READ { uint32_t v; };
 107:Generated_Source\PSoC6\pdl\cmsis/include/cmsis_gcc.h ****   #pragma GCC diagnostic pop
 108:Generated_Source\PSoC6\pdl\cmsis/include/cmsis_gcc.h ****   #define __UNALIGNED_UINT32_READ(addr)          (((const struct T_UINT32_READ *)(const void *)(add
 109:Generated_Source\PSoC6\pdl\cmsis/include/cmsis_gcc.h **** #endif
 110:Generated_Source\PSoC6\pdl\cmsis/include/cmsis_gcc.h **** #ifndef   __ALIGNED
 111:Generated_Source\PSoC6\pdl\cmsis/include/cmsis_gcc.h ****   #define __ALIGNED(x)                           __attribute__((aligned(x)))
 112:Generated_Source\PSoC6\pdl\cmsis/include/cmsis_gcc.h **** #endif
 113:Generated_Source\PSoC6\pdl\cmsis/include/cmsis_gcc.h **** #ifndef   __RESTRICT
 114:Generated_Source\PSoC6\pdl\cmsis/include/cmsis_gcc.h ****   #define __RESTRICT                             __restrict
 115:Generated_Source\PSoC6\pdl\cmsis/include/cmsis_gcc.h **** #endif
 116:Generated_Source\PSoC6\pdl\cmsis/include/cmsis_gcc.h **** 
 117:Generated_Source\PSoC6\pdl\cmsis/include/cmsis_gcc.h **** 
ARM GAS  C:\Users\SOHL.CYSEMI\AppData\Local\Temp\ccZ63ES7.s 			page 4


 118:Generated_Source\PSoC6\pdl\cmsis/include/cmsis_gcc.h **** /* ###########################  Core Function Access  ########################### */
 119:Generated_Source\PSoC6\pdl\cmsis/include/cmsis_gcc.h **** /** \ingroup  CMSIS_Core_FunctionInterface
 120:Generated_Source\PSoC6\pdl\cmsis/include/cmsis_gcc.h ****     \defgroup CMSIS_Core_RegAccFunctions CMSIS Core Register Access Functions
 121:Generated_Source\PSoC6\pdl\cmsis/include/cmsis_gcc.h ****   @{
 122:Generated_Source\PSoC6\pdl\cmsis/include/cmsis_gcc.h ****  */
 123:Generated_Source\PSoC6\pdl\cmsis/include/cmsis_gcc.h **** 
 124:Generated_Source\PSoC6\pdl\cmsis/include/cmsis_gcc.h **** /**
 125:Generated_Source\PSoC6\pdl\cmsis/include/cmsis_gcc.h ****   \brief   Enable IRQ Interrupts
 126:Generated_Source\PSoC6\pdl\cmsis/include/cmsis_gcc.h ****   \details Enables IRQ interrupts by clearing the I-bit in the CPSR.
 127:Generated_Source\PSoC6\pdl\cmsis/include/cmsis_gcc.h ****            Can only be executed in Privileged modes.
 128:Generated_Source\PSoC6\pdl\cmsis/include/cmsis_gcc.h ****  */
 129:Generated_Source\PSoC6\pdl\cmsis/include/cmsis_gcc.h **** __STATIC_FORCEINLINE void __enable_irq(void)
 130:Generated_Source\PSoC6\pdl\cmsis/include/cmsis_gcc.h **** {
 131:Generated_Source\PSoC6\pdl\cmsis/include/cmsis_gcc.h ****   __ASM volatile ("cpsie i" : : : "memory");
  40              		.loc 2 131 0
  41              		.syntax divided
  42              	@ 131 "Generated_Source\PSoC6\pdl\cmsis/include/cmsis_gcc.h" 1
  43 0002 62B6     		cpsie i
  44              	@ 0 "" 2
  45              		.thumb
  46              		.syntax unified
  47              	.LBE5:
  48              	.LBE4:
  16:main_cm0p.c   ****     __enable_irq(); /* Enable global interrupts. */
  17:main_cm0p.c   ****     /* Enable CM4.  CY_CORTEX_M4_APPL_ADDR must be updated if CM4 memory layout is changed. */
  18:main_cm0p.c   ****     Cy_SysEnableCM4(CY_CORTEX_M4_APPL_ADDR); 
  49              		.loc 1 18 0
  50 0004 0148     		ldr	r0, .L3
  51 0006 FFF7FEFF 		bl	Cy_SysEnableCM4
  52              	.LVL0:
  53              	.L2:
  54 000a FEE7     		b	.L2
  55              	.L4:
  56              		.align	2
  57              	.L3:
  58 000c 00000810 		.word	268959744
  59              		.cfi_endproc
  60              	.LFE240:
  61              		.size	main, .-main
  62              		.text
  63              	.Letext0:
  64              		.file 3 "c:\\program files (x86)\\cypress\\psoc creator\\4.3\\psoc creator\\import\\gnu\\arm\\5.4.
  65              		.file 4 "c:\\program files (x86)\\cypress\\psoc creator\\4.3\\psoc creator\\import\\gnu\\arm\\5.4.
  66              		.file 5 "Generated_Source\\PSoC6\\pdl\\drivers/peripheral/device/cy_device.h"
  67              		.file 6 "./system_psoc6.h"
  68              		.section	.debug_info,"",%progbits
  69              	.Ldebug_info0:
  70 0000 6C050000 		.4byte	0x56c
  71 0004 0400     		.2byte	0x4
  72 0006 00000000 		.4byte	.Ldebug_abbrev0
  73 000a 04       		.byte	0x4
  74 000b 01       		.uleb128 0x1
  75 000c 36010000 		.4byte	.LASF110
  76 0010 0C       		.byte	0xc
  77 0011 DE000000 		.4byte	.LASF111
  78 0015 56000000 		.4byte	.LASF112
  79 0019 00000000 		.4byte	.Ldebug_ranges0+0
ARM GAS  C:\Users\SOHL.CYSEMI\AppData\Local\Temp\ccZ63ES7.s 			page 5


  80 001d 00000000 		.4byte	0
  81 0021 00000000 		.4byte	.Ldebug_line0
  82 0025 02       		.uleb128 0x2
  83 0026 02       		.byte	0x2
  84 0027 05       		.byte	0x5
  85 0028 EA000000 		.4byte	.LASF0
  86 002c 02       		.uleb128 0x2
  87 002d 01       		.byte	0x1
  88 002e 08       		.byte	0x8
  89 002f CC030000 		.4byte	.LASF1
  90 0033 02       		.uleb128 0x2
  91 0034 01       		.byte	0x1
  92 0035 06       		.byte	0x6
  93 0036 E3030000 		.4byte	.LASF2
  94 003a 03       		.uleb128 0x3
  95 003b 24030000 		.4byte	.LASF3
  96 003f 03       		.byte	0x3
  97 0040 1D       		.byte	0x1d
  98 0041 2C000000 		.4byte	0x2c
  99 0045 03       		.uleb128 0x3
 100 0046 64060000 		.4byte	.LASF4
 101 004a 03       		.byte	0x3
 102 004b 29       		.byte	0x29
 103 004c 25000000 		.4byte	0x25
 104 0050 03       		.uleb128 0x3
 105 0051 0F020000 		.4byte	.LASF5
 106 0055 03       		.byte	0x3
 107 0056 2B       		.byte	0x2b
 108 0057 5B000000 		.4byte	0x5b
 109 005b 02       		.uleb128 0x2
 110 005c 02       		.byte	0x2
 111 005d 07       		.byte	0x7
 112 005e 9A040000 		.4byte	.LASF6
 113 0062 02       		.uleb128 0x2
 114 0063 04       		.byte	0x4
 115 0064 05       		.byte	0x5
 116 0065 E3020000 		.4byte	.LASF7
 117 0069 03       		.uleb128 0x3
 118 006a D9010000 		.4byte	.LASF8
 119 006e 03       		.byte	0x3
 120 006f 41       		.byte	0x41
 121 0070 74000000 		.4byte	0x74
 122 0074 02       		.uleb128 0x2
 123 0075 04       		.byte	0x4
 124 0076 07       		.byte	0x7
 125 0077 A5050000 		.4byte	.LASF9
 126 007b 02       		.uleb128 0x2
 127 007c 08       		.byte	0x8
 128 007d 05       		.byte	0x5
 129 007e 9D020000 		.4byte	.LASF10
 130 0082 02       		.uleb128 0x2
 131 0083 08       		.byte	0x8
 132 0084 07       		.byte	0x7
 133 0085 EF030000 		.4byte	.LASF11
 134 0089 04       		.uleb128 0x4
 135 008a 04       		.byte	0x4
 136 008b 05       		.byte	0x5
ARM GAS  C:\Users\SOHL.CYSEMI\AppData\Local\Temp\ccZ63ES7.s 			page 6


 137 008c 696E7400 		.ascii	"int\000"
 138 0090 02       		.uleb128 0x2
 139 0091 04       		.byte	0x4
 140 0092 07       		.byte	0x7
 141 0093 2D040000 		.4byte	.LASF12
 142 0097 03       		.uleb128 0x3
 143 0098 2B020000 		.4byte	.LASF13
 144 009c 04       		.byte	0x4
 145 009d 18       		.byte	0x18
 146 009e 3A000000 		.4byte	0x3a
 147 00a2 03       		.uleb128 0x3
 148 00a3 15050000 		.4byte	.LASF14
 149 00a7 04       		.byte	0x4
 150 00a8 20       		.byte	0x20
 151 00a9 45000000 		.4byte	0x45
 152 00ad 03       		.uleb128 0x3
 153 00ae B2040000 		.4byte	.LASF15
 154 00b2 04       		.byte	0x4
 155 00b3 24       		.byte	0x24
 156 00b4 50000000 		.4byte	0x50
 157 00b8 03       		.uleb128 0x3
 158 00b9 0F040000 		.4byte	.LASF16
 159 00bd 04       		.byte	0x4
 160 00be 30       		.byte	0x30
 161 00bf 69000000 		.4byte	0x69
 162 00c3 02       		.uleb128 0x2
 163 00c4 04       		.byte	0x4
 164 00c5 07       		.byte	0x7
 165 00c6 04010000 		.4byte	.LASF17
 166 00ca 02       		.uleb128 0x2
 167 00cb 08       		.byte	0x8
 168 00cc 04       		.byte	0x4
 169 00cd A9030000 		.4byte	.LASF18
 170 00d1 05       		.uleb128 0x5
 171 00d2 B8       		.byte	0xb8
 172 00d3 05       		.byte	0x5
 173 00d4 34       		.byte	0x34
 174 00d5 E2040000 		.4byte	0x4e2
 175 00d9 06       		.uleb128 0x6
 176 00da F8010000 		.4byte	.LASF19
 177 00de 05       		.byte	0x5
 178 00df 37       		.byte	0x37
 179 00e0 B8000000 		.4byte	0xb8
 180 00e4 00       		.byte	0
 181 00e5 06       		.uleb128 0x6
 182 00e6 F9020000 		.4byte	.LASF20
 183 00ea 05       		.byte	0x5
 184 00eb 38       		.byte	0x38
 185 00ec B8000000 		.4byte	0xb8
 186 00f0 04       		.byte	0x4
 187 00f1 06       		.uleb128 0x6
 188 00f2 DA030000 		.4byte	.LASF21
 189 00f6 05       		.byte	0x5
 190 00f7 39       		.byte	0x39
 191 00f8 B8000000 		.4byte	0xb8
 192 00fc 08       		.byte	0x8
 193 00fd 06       		.uleb128 0x6
ARM GAS  C:\Users\SOHL.CYSEMI\AppData\Local\Temp\ccZ63ES7.s 			page 7


 194 00fe F6040000 		.4byte	.LASF22
 195 0102 05       		.byte	0x5
 196 0103 3A       		.byte	0x3a
 197 0104 B8000000 		.4byte	0xb8
 198 0108 0C       		.byte	0xc
 199 0109 06       		.uleb128 0x6
 200 010a 05070000 		.4byte	.LASF23
 201 010e 05       		.byte	0x5
 202 010f 3B       		.byte	0x3b
 203 0110 B8000000 		.4byte	0xb8
 204 0114 10       		.byte	0x10
 205 0115 06       		.uleb128 0x6
 206 0116 79020000 		.4byte	.LASF24
 207 011a 05       		.byte	0x5
 208 011b 3C       		.byte	0x3c
 209 011c B8000000 		.4byte	0xb8
 210 0120 14       		.byte	0x14
 211 0121 06       		.uleb128 0x6
 212 0122 06040000 		.4byte	.LASF25
 213 0126 05       		.byte	0x5
 214 0127 3D       		.byte	0x3d
 215 0128 B8000000 		.4byte	0xb8
 216 012c 18       		.byte	0x18
 217 012d 06       		.uleb128 0x6
 218 012e C3030000 		.4byte	.LASF26
 219 0132 05       		.byte	0x5
 220 0133 3E       		.byte	0x3e
 221 0134 B8000000 		.4byte	0xb8
 222 0138 1C       		.byte	0x1c
 223 0139 06       		.uleb128 0x6
 224 013a FD060000 		.4byte	.LASF27
 225 013e 05       		.byte	0x5
 226 013f 3F       		.byte	0x3f
 227 0140 B8000000 		.4byte	0xb8
 228 0144 20       		.byte	0x20
 229 0145 06       		.uleb128 0x6
 230 0146 BC000000 		.4byte	.LASF28
 231 014a 05       		.byte	0x5
 232 014b 40       		.byte	0x40
 233 014c B8000000 		.4byte	0xb8
 234 0150 24       		.byte	0x24
 235 0151 06       		.uleb128 0x6
 236 0152 02020000 		.4byte	.LASF29
 237 0156 05       		.byte	0x5
 238 0157 43       		.byte	0x43
 239 0158 97000000 		.4byte	0x97
 240 015c 28       		.byte	0x28
 241 015d 06       		.uleb128 0x6
 242 015e 5E050000 		.4byte	.LASF30
 243 0162 05       		.byte	0x5
 244 0163 44       		.byte	0x44
 245 0164 97000000 		.4byte	0x97
 246 0168 29       		.byte	0x29
 247 0169 06       		.uleb128 0x6
 248 016a CC050000 		.4byte	.LASF31
 249 016e 05       		.byte	0x5
 250 016f 45       		.byte	0x45
ARM GAS  C:\Users\SOHL.CYSEMI\AppData\Local\Temp\ccZ63ES7.s 			page 8


 251 0170 97000000 		.4byte	0x97
 252 0174 2A       		.byte	0x2a
 253 0175 06       		.uleb128 0x6
 254 0176 E1050000 		.4byte	.LASF32
 255 017a 05       		.byte	0x5
 256 017b 46       		.byte	0x46
 257 017c 97000000 		.4byte	0x97
 258 0180 2B       		.byte	0x2b
 259 0181 06       		.uleb128 0x6
 260 0182 23050000 		.4byte	.LASF33
 261 0186 05       		.byte	0x5
 262 0187 47       		.byte	0x47
 263 0188 97000000 		.4byte	0x97
 264 018c 2C       		.byte	0x2c
 265 018d 06       		.uleb128 0x6
 266 018e 49000000 		.4byte	.LASF34
 267 0192 05       		.byte	0x5
 268 0193 48       		.byte	0x48
 269 0194 97000000 		.4byte	0x97
 270 0198 2D       		.byte	0x2d
 271 0199 06       		.uleb128 0x6
 272 019a 0D010000 		.4byte	.LASF35
 273 019e 05       		.byte	0x5
 274 019f 49       		.byte	0x49
 275 01a0 97000000 		.4byte	0x97
 276 01a4 2E       		.byte	0x2e
 277 01a5 06       		.uleb128 0x6
 278 01a6 33020000 		.4byte	.LASF36
 279 01aa 05       		.byte	0x5
 280 01ab 4A       		.byte	0x4a
 281 01ac 97000000 		.4byte	0x97
 282 01b0 2F       		.byte	0x2f
 283 01b1 06       		.uleb128 0x6
 284 01b2 C8010000 		.4byte	.LASF37
 285 01b6 05       		.byte	0x5
 286 01b7 4B       		.byte	0x4b
 287 01b8 97000000 		.4byte	0x97
 288 01bc 30       		.byte	0x30
 289 01bd 06       		.uleb128 0x6
 290 01be D6050000 		.4byte	.LASF38
 291 01c2 05       		.byte	0x5
 292 01c3 4E       		.byte	0x4e
 293 01c4 97000000 		.4byte	0x97
 294 01c8 31       		.byte	0x31
 295 01c9 06       		.uleb128 0x6
 296 01ca 2E030000 		.4byte	.LASF39
 297 01ce 05       		.byte	0x5
 298 01cf 4F       		.byte	0x4f
 299 01d0 97000000 		.4byte	0x97
 300 01d4 32       		.byte	0x32
 301 01d5 06       		.uleb128 0x6
 302 01d6 B0000000 		.4byte	.LASF40
 303 01da 05       		.byte	0x5
 304 01db 50       		.byte	0x50
 305 01dc 97000000 		.4byte	0x97
 306 01e0 33       		.byte	0x33
 307 01e1 06       		.uleb128 0x6
ARM GAS  C:\Users\SOHL.CYSEMI\AppData\Local\Temp\ccZ63ES7.s 			page 9


 308 01e2 00000000 		.4byte	.LASF41
 309 01e6 05       		.byte	0x5
 310 01e7 51       		.byte	0x51
 311 01e8 97000000 		.4byte	0x97
 312 01ec 34       		.byte	0x34
 313 01ed 06       		.uleb128 0x6
 314 01ee 57020000 		.4byte	.LASF42
 315 01f2 05       		.byte	0x5
 316 01f3 52       		.byte	0x52
 317 01f4 A2000000 		.4byte	0xa2
 318 01f8 36       		.byte	0x36
 319 01f9 06       		.uleb128 0x6
 320 01fa 0D060000 		.4byte	.LASF43
 321 01fe 05       		.byte	0x5
 322 01ff 53       		.byte	0x53
 323 0200 A2000000 		.4byte	0xa2
 324 0204 38       		.byte	0x38
 325 0205 06       		.uleb128 0x6
 326 0206 60040000 		.4byte	.LASF44
 327 020a 05       		.byte	0x5
 328 020b 54       		.byte	0x54
 329 020c A2000000 		.4byte	0xa2
 330 0210 3A       		.byte	0x3a
 331 0211 06       		.uleb128 0x6
 332 0212 3A040000 		.4byte	.LASF45
 333 0216 05       		.byte	0x5
 334 0217 55       		.byte	0x55
 335 0218 97000000 		.4byte	0x97
 336 021c 3C       		.byte	0x3c
 337 021d 06       		.uleb128 0x6
 338 021e 0A050000 		.4byte	.LASF46
 339 0222 05       		.byte	0x5
 340 0223 56       		.byte	0x56
 341 0224 97000000 		.4byte	0x97
 342 0228 3D       		.byte	0x3d
 343 0229 06       		.uleb128 0x6
 344 022a 27000000 		.4byte	.LASF47
 345 022e 05       		.byte	0x5
 346 022f 57       		.byte	0x57
 347 0230 97000000 		.4byte	0x97
 348 0234 3E       		.byte	0x3e
 349 0235 06       		.uleb128 0x6
 350 0236 FE040000 		.4byte	.LASF48
 351 023a 05       		.byte	0x5
 352 023b 58       		.byte	0x58
 353 023c 97000000 		.4byte	0x97
 354 0240 3F       		.byte	0x3f
 355 0241 06       		.uleb128 0x6
 356 0242 1A070000 		.4byte	.LASF49
 357 0246 05       		.byte	0x5
 358 0247 59       		.byte	0x59
 359 0248 97000000 		.4byte	0x97
 360 024c 40       		.byte	0x40
 361 024d 06       		.uleb128 0x6
 362 024e 2E060000 		.4byte	.LASF50
 363 0252 05       		.byte	0x5
 364 0253 5A       		.byte	0x5a
ARM GAS  C:\Users\SOHL.CYSEMI\AppData\Local\Temp\ccZ63ES7.s 			page 10


 365 0254 97000000 		.4byte	0x97
 366 0258 41       		.byte	0x41
 367 0259 06       		.uleb128 0x6
 368 025a 83060000 		.4byte	.LASF51
 369 025e 05       		.byte	0x5
 370 025f 5B       		.byte	0x5b
 371 0260 97000000 		.4byte	0x97
 372 0264 42       		.byte	0x42
 373 0265 06       		.uleb128 0x6
 374 0266 9E030000 		.4byte	.LASF52
 375 026a 05       		.byte	0x5
 376 026b 5C       		.byte	0x5c
 377 026c 97000000 		.4byte	0x97
 378 0270 43       		.byte	0x43
 379 0271 06       		.uleb128 0x6
 380 0272 AB020000 		.4byte	.LASF53
 381 0276 05       		.byte	0x5
 382 0277 5D       		.byte	0x5d
 383 0278 97000000 		.4byte	0x97
 384 027c 44       		.byte	0x44
 385 027d 06       		.uleb128 0x6
 386 027e BB040000 		.4byte	.LASF54
 387 0282 05       		.byte	0x5
 388 0283 5E       		.byte	0x5e
 389 0284 B8000000 		.4byte	0xb8
 390 0288 48       		.byte	0x48
 391 0289 06       		.uleb128 0x6
 392 028a 3F050000 		.4byte	.LASF55
 393 028e 05       		.byte	0x5
 394 028f 5F       		.byte	0x5f
 395 0290 B8000000 		.4byte	0xb8
 396 0294 4C       		.byte	0x4c
 397 0295 06       		.uleb128 0x6
 398 0296 1A020000 		.4byte	.LASF56
 399 029a 05       		.byte	0x5
 400 029b 60       		.byte	0x60
 401 029c 97000000 		.4byte	0x97
 402 02a0 50       		.byte	0x50
 403 02a1 06       		.uleb128 0x6
 404 02a2 DD060000 		.4byte	.LASF57
 405 02a6 05       		.byte	0x5
 406 02a7 61       		.byte	0x61
 407 02a8 97000000 		.4byte	0x97
 408 02ac 51       		.byte	0x51
 409 02ad 06       		.uleb128 0x6
 410 02ae F4000000 		.4byte	.LASF58
 411 02b2 05       		.byte	0x5
 412 02b3 62       		.byte	0x62
 413 02b4 97000000 		.4byte	0x97
 414 02b8 52       		.byte	0x52
 415 02b9 06       		.uleb128 0x6
 416 02ba 3E060000 		.4byte	.LASF59
 417 02be 05       		.byte	0x5
 418 02bf 63       		.byte	0x63
 419 02c0 97000000 		.4byte	0x97
 420 02c4 53       		.byte	0x53
 421 02c5 06       		.uleb128 0x6
ARM GAS  C:\Users\SOHL.CYSEMI\AppData\Local\Temp\ccZ63ES7.s 			page 11


 422 02c6 75040000 		.4byte	.LASF60
 423 02ca 05       		.byte	0x5
 424 02cb 64       		.byte	0x64
 425 02cc 97000000 		.4byte	0x97
 426 02d0 54       		.byte	0x54
 427 02d1 06       		.uleb128 0x6
 428 02d2 E4010000 		.4byte	.LASF61
 429 02d6 05       		.byte	0x5
 430 02d7 65       		.byte	0x65
 431 02d8 97000000 		.4byte	0x97
 432 02dc 55       		.byte	0x55
 433 02dd 06       		.uleb128 0x6
 434 02de 91050000 		.4byte	.LASF62
 435 02e2 05       		.byte	0x5
 436 02e3 66       		.byte	0x66
 437 02e4 97000000 		.4byte	0x97
 438 02e8 56       		.byte	0x56
 439 02e9 06       		.uleb128 0x6
 440 02ea 8F060000 		.4byte	.LASF63
 441 02ee 05       		.byte	0x5
 442 02ef 67       		.byte	0x67
 443 02f0 97000000 		.4byte	0x97
 444 02f4 57       		.byte	0x57
 445 02f5 06       		.uleb128 0x6
 446 02f6 8A030000 		.4byte	.LASF64
 447 02fa 05       		.byte	0x5
 448 02fb 68       		.byte	0x68
 449 02fc 97000000 		.4byte	0x97
 450 0300 58       		.byte	0x58
 451 0301 06       		.uleb128 0x6
 452 0302 F9050000 		.4byte	.LASF65
 453 0306 05       		.byte	0x5
 454 0307 69       		.byte	0x69
 455 0308 97000000 		.4byte	0x97
 456 030c 59       		.byte	0x59
 457 030d 06       		.uleb128 0x6
 458 030e 19030000 		.4byte	.LASF66
 459 0312 05       		.byte	0x5
 460 0313 6E       		.byte	0x6e
 461 0314 AD000000 		.4byte	0xad
 462 0318 5A       		.byte	0x5a
 463 0319 06       		.uleb128 0x6
 464 031a 3F020000 		.4byte	.LASF67
 465 031e 05       		.byte	0x5
 466 031f 6F       		.byte	0x6f
 467 0320 AD000000 		.4byte	0xad
 468 0324 5C       		.byte	0x5c
 469 0325 06       		.uleb128 0x6
 470 0326 48020000 		.4byte	.LASF68
 471 032a 05       		.byte	0x5
 472 032b 70       		.byte	0x70
 473 032c 97000000 		.4byte	0x97
 474 0330 5E       		.byte	0x5e
 475 0331 06       		.uleb128 0x6
 476 0332 4D070000 		.4byte	.LASF69
 477 0336 05       		.byte	0x5
 478 0337 71       		.byte	0x71
ARM GAS  C:\Users\SOHL.CYSEMI\AppData\Local\Temp\ccZ63ES7.s 			page 12


 479 0338 97000000 		.4byte	0x97
 480 033c 5F       		.byte	0x5f
 481 033d 06       		.uleb128 0x6
 482 033e 3C070000 		.4byte	.LASF70
 483 0342 05       		.byte	0x5
 484 0343 72       		.byte	0x72
 485 0344 97000000 		.4byte	0x97
 486 0348 60       		.byte	0x60
 487 0349 06       		.uleb128 0x6
 488 034a BC020000 		.4byte	.LASF71
 489 034e 05       		.byte	0x5
 490 034f 73       		.byte	0x73
 491 0350 B8000000 		.4byte	0xb8
 492 0354 64       		.byte	0x64
 493 0355 06       		.uleb128 0x6
 494 0356 2F050000 		.4byte	.LASF72
 495 035a 05       		.byte	0x5
 496 035b 76       		.byte	0x76
 497 035c AD000000 		.4byte	0xad
 498 0360 68       		.byte	0x68
 499 0361 06       		.uleb128 0x6
 500 0362 78030000 		.4byte	.LASF73
 501 0366 05       		.byte	0x5
 502 0367 77       		.byte	0x77
 503 0368 AD000000 		.4byte	0xad
 504 036c 6A       		.byte	0x6a
 505 036d 06       		.uleb128 0x6
 506 036e B8060000 		.4byte	.LASF74
 507 0372 05       		.byte	0x5
 508 0373 78       		.byte	0x78
 509 0374 AD000000 		.4byte	0xad
 510 0378 6C       		.byte	0x6c
 511 0379 06       		.uleb128 0x6
 512 037a 63070000 		.4byte	.LASF75
 513 037e 05       		.byte	0x5
 514 037f 79       		.byte	0x79
 515 0380 AD000000 		.4byte	0xad
 516 0384 6E       		.byte	0x6e
 517 0385 06       		.uleb128 0x6
 518 0386 E2040000 		.4byte	.LASF76
 519 038a 05       		.byte	0x5
 520 038b 7B       		.byte	0x7b
 521 038c 97000000 		.4byte	0x97
 522 0390 70       		.byte	0x70
 523 0391 06       		.uleb128 0x6
 524 0392 CD040000 		.4byte	.LASF77
 525 0396 05       		.byte	0x5
 526 0397 7C       		.byte	0x7c
 527 0398 97000000 		.4byte	0x97
 528 039c 71       		.byte	0x71
 529 039d 06       		.uleb128 0x6
 530 039e 18060000 		.4byte	.LASF78
 531 03a2 05       		.byte	0x5
 532 03a3 7D       		.byte	0x7d
 533 03a4 97000000 		.4byte	0x97
 534 03a8 72       		.byte	0x72
 535 03a9 06       		.uleb128 0x6
ARM GAS  C:\Users\SOHL.CYSEMI\AppData\Local\Temp\ccZ63ES7.s 			page 13


 536 03aa 49040000 		.4byte	.LASF79
 537 03ae 05       		.byte	0x5
 538 03af 7E       		.byte	0x7e
 539 03b0 97000000 		.4byte	0x97
 540 03b4 73       		.byte	0x73
 541 03b5 06       		.uleb128 0x6
 542 03b6 4F030000 		.4byte	.LASF80
 543 03ba 05       		.byte	0x5
 544 03bb 80       		.byte	0x80
 545 03bc AD000000 		.4byte	0xad
 546 03c0 74       		.byte	0x74
 547 03c1 06       		.uleb128 0x6
 548 03c2 3C030000 		.4byte	.LASF81
 549 03c6 05       		.byte	0x5
 550 03c7 81       		.byte	0x81
 551 03c8 AD000000 		.4byte	0xad
 552 03cc 76       		.byte	0x76
 553 03cd 06       		.uleb128 0x6
 554 03ce A3060000 		.4byte	.LASF82
 555 03d2 05       		.byte	0x5
 556 03d3 82       		.byte	0x82
 557 03d4 AD000000 		.4byte	0xad
 558 03d8 78       		.byte	0x78
 559 03d9 06       		.uleb128 0x6
 560 03da 85040000 		.4byte	.LASF83
 561 03de 05       		.byte	0x5
 562 03df 83       		.byte	0x83
 563 03e0 AD000000 		.4byte	0xad
 564 03e4 7A       		.byte	0x7a
 565 03e5 06       		.uleb128 0x6
 566 03e6 04030000 		.4byte	.LASF84
 567 03ea 05       		.byte	0x5
 568 03eb 86       		.byte	0x86
 569 03ec 97000000 		.4byte	0x97
 570 03f0 7C       		.byte	0x7c
 571 03f1 06       		.uleb128 0x6
 572 03f2 4D050000 		.4byte	.LASF85
 573 03f6 05       		.byte	0x5
 574 03f7 87       		.byte	0x87
 575 03f8 97000000 		.4byte	0x97
 576 03fc 7D       		.byte	0x7d
 577 03fd 06       		.uleb128 0x6
 578 03fe 9D000000 		.4byte	.LASF86
 579 0402 05       		.byte	0x5
 580 0403 88       		.byte	0x88
 581 0404 97000000 		.4byte	0x97
 582 0408 7E       		.byte	0x7e
 583 0409 06       		.uleb128 0x6
 584 040a 35000000 		.4byte	.LASF87
 585 040e 05       		.byte	0x5
 586 040f 89       		.byte	0x89
 587 0410 97000000 		.4byte	0x97
 588 0414 7F       		.byte	0x7f
 589 0415 06       		.uleb128 0x6
 590 0416 89020000 		.4byte	.LASF88
 591 041a 05       		.byte	0x5
 592 041b 8A       		.byte	0x8a
ARM GAS  C:\Users\SOHL.CYSEMI\AppData\Local\Temp\ccZ63ES7.s 			page 14


 593 041c 97000000 		.4byte	0x97
 594 0420 80       		.byte	0x80
 595 0421 06       		.uleb128 0x6
 596 0422 C7000000 		.4byte	.LASF89
 597 0426 05       		.byte	0x5
 598 0427 8D       		.byte	0x8d
 599 0428 B8000000 		.4byte	0xb8
 600 042c 84       		.byte	0x84
 601 042d 06       		.uleb128 0x6
 602 042e 61030000 		.4byte	.LASF90
 603 0432 05       		.byte	0x5
 604 0433 8E       		.byte	0x8e
 605 0434 B8000000 		.4byte	0xb8
 606 0438 88       		.byte	0x88
 607 0439 06       		.uleb128 0x6
 608 043a 18040000 		.4byte	.LASF91
 609 043e 05       		.byte	0x5
 610 043f 8F       		.byte	0x8f
 611 0440 B8000000 		.4byte	0xb8
 612 0444 8C       		.byte	0x8c
 613 0445 06       		.uleb128 0x6
 614 0446 27070000 		.4byte	.LASF92
 615 044a 05       		.byte	0x5
 616 044b 90       		.byte	0x90
 617 044c B8000000 		.4byte	0xb8
 618 0450 90       		.byte	0x90
 619 0451 06       		.uleb128 0x6
 620 0452 7C050000 		.4byte	.LASF93
 621 0456 05       		.byte	0x5
 622 0457 91       		.byte	0x91
 623 0458 B8000000 		.4byte	0xb8
 624 045c 94       		.byte	0x94
 625 045d 06       		.uleb128 0x6
 626 045e 11000000 		.4byte	.LASF94
 627 0462 05       		.byte	0x5
 628 0463 92       		.byte	0x92
 629 0464 B8000000 		.4byte	0xb8
 630 0468 98       		.byte	0x98
 631 0469 06       		.uleb128 0x6
 632 046a C7060000 		.4byte	.LASF95
 633 046e 05       		.byte	0x5
 634 046f 93       		.byte	0x93
 635 0470 B8000000 		.4byte	0xb8
 636 0474 9C       		.byte	0x9c
 637 0475 06       		.uleb128 0x6
 638 0476 CD020000 		.4byte	.LASF96
 639 047a 05       		.byte	0x5
 640 047b 94       		.byte	0x94
 641 047c B8000000 		.4byte	0xb8
 642 0480 A0       		.byte	0xa0
 643 0481 06       		.uleb128 0x6
 644 0482 64020000 		.4byte	.LASF97
 645 0486 05       		.byte	0x5
 646 0487 95       		.byte	0x95
 647 0488 AD000000 		.4byte	0xad
 648 048c A4       		.byte	0xa4
 649 048d 06       		.uleb128 0x6
ARM GAS  C:\Users\SOHL.CYSEMI\AppData\Local\Temp\ccZ63ES7.s 			page 15


 650 048e 6E060000 		.4byte	.LASF98
 651 0492 05       		.byte	0x5
 652 0493 96       		.byte	0x96
 653 0494 AD000000 		.4byte	0xad
 654 0498 A6       		.byte	0xa6
 655 0499 06       		.uleb128 0x6
 656 049a 0E070000 		.4byte	.LASF99
 657 049e 05       		.byte	0x5
 658 049f 97       		.byte	0x97
 659 04a0 AD000000 		.4byte	0xad
 660 04a4 A8       		.byte	0xa8
 661 04a5 06       		.uleb128 0x6
 662 04a6 BE050000 		.4byte	.LASF100
 663 04aa 05       		.byte	0x5
 664 04ab 98       		.byte	0x98
 665 04ac AD000000 		.4byte	0xad
 666 04b0 AA       		.byte	0xaa
 667 04b1 06       		.uleb128 0x6
 668 04b2 18010000 		.4byte	.LASF101
 669 04b6 05       		.byte	0x5
 670 04b7 99       		.byte	0x99
 671 04b8 AD000000 		.4byte	0xad
 672 04bc AC       		.byte	0xac
 673 04bd 06       		.uleb128 0x6
 674 04be B5030000 		.4byte	.LASF102
 675 04c2 05       		.byte	0x5
 676 04c3 9A       		.byte	0x9a
 677 04c4 AD000000 		.4byte	0xad
 678 04c8 AE       		.byte	0xae
 679 04c9 06       		.uleb128 0x6
 680 04ca EF060000 		.4byte	.LASF103
 681 04ce 05       		.byte	0x5
 682 04cf 9D       		.byte	0x9d
 683 04d0 AD000000 		.4byte	0xad
 684 04d4 B0       		.byte	0xb0
 685 04d5 06       		.uleb128 0x6
 686 04d6 50060000 		.4byte	.LASF104
 687 04da 05       		.byte	0x5
 688 04db 9E       		.byte	0x9e
 689 04dc B8000000 		.4byte	0xb8
 690 04e0 B4       		.byte	0xb4
 691 04e1 00       		.byte	0
 692 04e2 03       		.uleb128 0x3
 693 04e3 26010000 		.4byte	.LASF105
 694 04e7 05       		.byte	0x5
 695 04e8 9F       		.byte	0x9f
 696 04e9 D1000000 		.4byte	0xd1
 697 04ed 02       		.uleb128 0x2
 698 04ee 01       		.byte	0x1
 699 04ef 08       		.byte	0x8
 700 04f0 AD040000 		.4byte	.LASF106
 701 04f4 02       		.uleb128 0x2
 702 04f5 04       		.byte	0x4
 703 04f6 04       		.byte	0x4
 704 04f7 83020000 		.4byte	.LASF107
 705 04fb 02       		.uleb128 0x2
 706 04fc 08       		.byte	0x8
ARM GAS  C:\Users\SOHL.CYSEMI\AppData\Local\Temp\ccZ63ES7.s 			page 16


 707 04fd 04       		.byte	0x4
 708 04fe B7050000 		.4byte	.LASF108
 709 0502 02       		.uleb128 0x2
 710 0503 01       		.byte	0x1
 711 0504 02       		.byte	0x2
 712 0505 1D050000 		.4byte	.LASF109
 713 0509 07       		.uleb128 0x7
 714 050a EC020000 		.4byte	.LASF113
 715 050e 02       		.byte	0x2
 716 050f 81       		.byte	0x81
 717 0510 03       		.byte	0x3
 718 0511 08       		.uleb128 0x8
 719 0512 D4010000 		.4byte	.LASF114
 720 0516 01       		.byte	0x1
 721 0517 0E       		.byte	0xe
 722 0518 89000000 		.4byte	0x89
 723 051c 00000000 		.4byte	.LFB240
 724 0520 10000000 		.4byte	.LFE240-.LFB240
 725 0524 01       		.uleb128 0x1
 726 0525 9C       		.byte	0x9c
 727 0526 4D050000 		.4byte	0x54d
 728 052a 09       		.uleb128 0x9
 729 052b 09050000 		.4byte	0x509
 730 052f 02000000 		.4byte	.LBB4
 731 0533 02000000 		.4byte	.LBE4-.LBB4
 732 0537 01       		.byte	0x1
 733 0538 10       		.byte	0x10
 734 0539 0A       		.uleb128 0xa
 735 053a 0A000000 		.4byte	.LVL0
 736 053e 63050000 		.4byte	0x563
 737 0542 0B       		.uleb128 0xb
 738 0543 01       		.uleb128 0x1
 739 0544 50       		.byte	0x50
 740 0545 05       		.uleb128 0x5
 741 0546 0C       		.byte	0xc
 742 0547 00000810 		.4byte	0x10080000
 743 054b 00       		.byte	0
 744 054c 00       		.byte	0
 745 054d 0C       		.uleb128 0xc
 746 054e EF050000 		.4byte	.LASF115
 747 0552 05       		.byte	0x5
 748 0553 A7       		.byte	0xa7
 749 0554 58050000 		.4byte	0x558
 750 0558 0D       		.uleb128 0xd
 751 0559 04       		.byte	0x4
 752 055a 5E050000 		.4byte	0x55e
 753 055e 0E       		.uleb128 0xe
 754 055f E2040000 		.4byte	0x4e2
 755 0563 0F       		.uleb128 0xf
 756 0564 6C050000 		.4byte	.LASF116
 757 0568 6C050000 		.4byte	.LASF116
 758 056c 06       		.byte	0x6
 759 056d 1802     		.2byte	0x218
 760 056f 00       		.byte	0
 761              		.section	.debug_abbrev,"",%progbits
 762              	.Ldebug_abbrev0:
 763 0000 01       		.uleb128 0x1
ARM GAS  C:\Users\SOHL.CYSEMI\AppData\Local\Temp\ccZ63ES7.s 			page 17


 764 0001 11       		.uleb128 0x11
 765 0002 01       		.byte	0x1
 766 0003 25       		.uleb128 0x25
 767 0004 0E       		.uleb128 0xe
 768 0005 13       		.uleb128 0x13
 769 0006 0B       		.uleb128 0xb
 770 0007 03       		.uleb128 0x3
 771 0008 0E       		.uleb128 0xe
 772 0009 1B       		.uleb128 0x1b
 773 000a 0E       		.uleb128 0xe
 774 000b 55       		.uleb128 0x55
 775 000c 17       		.uleb128 0x17
 776 000d 11       		.uleb128 0x11
 777 000e 01       		.uleb128 0x1
 778 000f 10       		.uleb128 0x10
 779 0010 17       		.uleb128 0x17
 780 0011 00       		.byte	0
 781 0012 00       		.byte	0
 782 0013 02       		.uleb128 0x2
 783 0014 24       		.uleb128 0x24
 784 0015 00       		.byte	0
 785 0016 0B       		.uleb128 0xb
 786 0017 0B       		.uleb128 0xb
 787 0018 3E       		.uleb128 0x3e
 788 0019 0B       		.uleb128 0xb
 789 001a 03       		.uleb128 0x3
 790 001b 0E       		.uleb128 0xe
 791 001c 00       		.byte	0
 792 001d 00       		.byte	0
 793 001e 03       		.uleb128 0x3
 794 001f 16       		.uleb128 0x16
 795 0020 00       		.byte	0
 796 0021 03       		.uleb128 0x3
 797 0022 0E       		.uleb128 0xe
 798 0023 3A       		.uleb128 0x3a
 799 0024 0B       		.uleb128 0xb
 800 0025 3B       		.uleb128 0x3b
 801 0026 0B       		.uleb128 0xb
 802 0027 49       		.uleb128 0x49
 803 0028 13       		.uleb128 0x13
 804 0029 00       		.byte	0
 805 002a 00       		.byte	0
 806 002b 04       		.uleb128 0x4
 807 002c 24       		.uleb128 0x24
 808 002d 00       		.byte	0
 809 002e 0B       		.uleb128 0xb
 810 002f 0B       		.uleb128 0xb
 811 0030 3E       		.uleb128 0x3e
 812 0031 0B       		.uleb128 0xb
 813 0032 03       		.uleb128 0x3
 814 0033 08       		.uleb128 0x8
 815 0034 00       		.byte	0
 816 0035 00       		.byte	0
 817 0036 05       		.uleb128 0x5
 818 0037 13       		.uleb128 0x13
 819 0038 01       		.byte	0x1
 820 0039 0B       		.uleb128 0xb
ARM GAS  C:\Users\SOHL.CYSEMI\AppData\Local\Temp\ccZ63ES7.s 			page 18


 821 003a 0B       		.uleb128 0xb
 822 003b 3A       		.uleb128 0x3a
 823 003c 0B       		.uleb128 0xb
 824 003d 3B       		.uleb128 0x3b
 825 003e 0B       		.uleb128 0xb
 826 003f 01       		.uleb128 0x1
 827 0040 13       		.uleb128 0x13
 828 0041 00       		.byte	0
 829 0042 00       		.byte	0
 830 0043 06       		.uleb128 0x6
 831 0044 0D       		.uleb128 0xd
 832 0045 00       		.byte	0
 833 0046 03       		.uleb128 0x3
 834 0047 0E       		.uleb128 0xe
 835 0048 3A       		.uleb128 0x3a
 836 0049 0B       		.uleb128 0xb
 837 004a 3B       		.uleb128 0x3b
 838 004b 0B       		.uleb128 0xb
 839 004c 49       		.uleb128 0x49
 840 004d 13       		.uleb128 0x13
 841 004e 38       		.uleb128 0x38
 842 004f 0B       		.uleb128 0xb
 843 0050 00       		.byte	0
 844 0051 00       		.byte	0
 845 0052 07       		.uleb128 0x7
 846 0053 2E       		.uleb128 0x2e
 847 0054 00       		.byte	0
 848 0055 03       		.uleb128 0x3
 849 0056 0E       		.uleb128 0xe
 850 0057 3A       		.uleb128 0x3a
 851 0058 0B       		.uleb128 0xb
 852 0059 3B       		.uleb128 0x3b
 853 005a 0B       		.uleb128 0xb
 854 005b 27       		.uleb128 0x27
 855 005c 19       		.uleb128 0x19
 856 005d 20       		.uleb128 0x20
 857 005e 0B       		.uleb128 0xb
 858 005f 00       		.byte	0
 859 0060 00       		.byte	0
 860 0061 08       		.uleb128 0x8
 861 0062 2E       		.uleb128 0x2e
 862 0063 01       		.byte	0x1
 863 0064 3F       		.uleb128 0x3f
 864 0065 19       		.uleb128 0x19
 865 0066 03       		.uleb128 0x3
 866 0067 0E       		.uleb128 0xe
 867 0068 3A       		.uleb128 0x3a
 868 0069 0B       		.uleb128 0xb
 869 006a 3B       		.uleb128 0x3b
 870 006b 0B       		.uleb128 0xb
 871 006c 27       		.uleb128 0x27
 872 006d 19       		.uleb128 0x19
 873 006e 49       		.uleb128 0x49
 874 006f 13       		.uleb128 0x13
 875 0070 8701     		.uleb128 0x87
 876 0072 19       		.uleb128 0x19
 877 0073 11       		.uleb128 0x11
ARM GAS  C:\Users\SOHL.CYSEMI\AppData\Local\Temp\ccZ63ES7.s 			page 19


 878 0074 01       		.uleb128 0x1
 879 0075 12       		.uleb128 0x12
 880 0076 06       		.uleb128 0x6
 881 0077 40       		.uleb128 0x40
 882 0078 18       		.uleb128 0x18
 883 0079 9742     		.uleb128 0x2117
 884 007b 19       		.uleb128 0x19
 885 007c 01       		.uleb128 0x1
 886 007d 13       		.uleb128 0x13
 887 007e 00       		.byte	0
 888 007f 00       		.byte	0
 889 0080 09       		.uleb128 0x9
 890 0081 1D       		.uleb128 0x1d
 891 0082 00       		.byte	0
 892 0083 31       		.uleb128 0x31
 893 0084 13       		.uleb128 0x13
 894 0085 11       		.uleb128 0x11
 895 0086 01       		.uleb128 0x1
 896 0087 12       		.uleb128 0x12
 897 0088 06       		.uleb128 0x6
 898 0089 58       		.uleb128 0x58
 899 008a 0B       		.uleb128 0xb
 900 008b 59       		.uleb128 0x59
 901 008c 0B       		.uleb128 0xb
 902 008d 00       		.byte	0
 903 008e 00       		.byte	0
 904 008f 0A       		.uleb128 0xa
 905 0090 898201   		.uleb128 0x4109
 906 0093 01       		.byte	0x1
 907 0094 11       		.uleb128 0x11
 908 0095 01       		.uleb128 0x1
 909 0096 31       		.uleb128 0x31
 910 0097 13       		.uleb128 0x13
 911 0098 00       		.byte	0
 912 0099 00       		.byte	0
 913 009a 0B       		.uleb128 0xb
 914 009b 8A8201   		.uleb128 0x410a
 915 009e 00       		.byte	0
 916 009f 02       		.uleb128 0x2
 917 00a0 18       		.uleb128 0x18
 918 00a1 9142     		.uleb128 0x2111
 919 00a3 18       		.uleb128 0x18
 920 00a4 00       		.byte	0
 921 00a5 00       		.byte	0
 922 00a6 0C       		.uleb128 0xc
 923 00a7 34       		.uleb128 0x34
 924 00a8 00       		.byte	0
 925 00a9 03       		.uleb128 0x3
 926 00aa 0E       		.uleb128 0xe
 927 00ab 3A       		.uleb128 0x3a
 928 00ac 0B       		.uleb128 0xb
 929 00ad 3B       		.uleb128 0x3b
 930 00ae 0B       		.uleb128 0xb
 931 00af 49       		.uleb128 0x49
 932 00b0 13       		.uleb128 0x13
 933 00b1 3F       		.uleb128 0x3f
 934 00b2 19       		.uleb128 0x19
ARM GAS  C:\Users\SOHL.CYSEMI\AppData\Local\Temp\ccZ63ES7.s 			page 20


 935 00b3 3C       		.uleb128 0x3c
 936 00b4 19       		.uleb128 0x19
 937 00b5 00       		.byte	0
 938 00b6 00       		.byte	0
 939 00b7 0D       		.uleb128 0xd
 940 00b8 0F       		.uleb128 0xf
 941 00b9 00       		.byte	0
 942 00ba 0B       		.uleb128 0xb
 943 00bb 0B       		.uleb128 0xb
 944 00bc 49       		.uleb128 0x49
 945 00bd 13       		.uleb128 0x13
 946 00be 00       		.byte	0
 947 00bf 00       		.byte	0
 948 00c0 0E       		.uleb128 0xe
 949 00c1 26       		.uleb128 0x26
 950 00c2 00       		.byte	0
 951 00c3 49       		.uleb128 0x49
 952 00c4 13       		.uleb128 0x13
 953 00c5 00       		.byte	0
 954 00c6 00       		.byte	0
 955 00c7 0F       		.uleb128 0xf
 956 00c8 2E       		.uleb128 0x2e
 957 00c9 00       		.byte	0
 958 00ca 3F       		.uleb128 0x3f
 959 00cb 19       		.uleb128 0x19
 960 00cc 3C       		.uleb128 0x3c
 961 00cd 19       		.uleb128 0x19
 962 00ce 6E       		.uleb128 0x6e
 963 00cf 0E       		.uleb128 0xe
 964 00d0 03       		.uleb128 0x3
 965 00d1 0E       		.uleb128 0xe
 966 00d2 3A       		.uleb128 0x3a
 967 00d3 0B       		.uleb128 0xb
 968 00d4 3B       		.uleb128 0x3b
 969 00d5 05       		.uleb128 0x5
 970 00d6 00       		.byte	0
 971 00d7 00       		.byte	0
 972 00d8 00       		.byte	0
 973              		.section	.debug_aranges,"",%progbits
 974 0000 1C000000 		.4byte	0x1c
 975 0004 0200     		.2byte	0x2
 976 0006 00000000 		.4byte	.Ldebug_info0
 977 000a 04       		.byte	0x4
 978 000b 00       		.byte	0
 979 000c 0000     		.2byte	0
 980 000e 0000     		.2byte	0
 981 0010 00000000 		.4byte	.LFB240
 982 0014 10000000 		.4byte	.LFE240-.LFB240
 983 0018 00000000 		.4byte	0
 984 001c 00000000 		.4byte	0
 985              		.section	.debug_ranges,"",%progbits
 986              	.Ldebug_ranges0:
 987 0000 00000000 		.4byte	.LFB240
 988 0004 10000000 		.4byte	.LFE240
 989 0008 00000000 		.4byte	0
 990 000c 00000000 		.4byte	0
 991              		.section	.debug_line,"",%progbits
ARM GAS  C:\Users\SOHL.CYSEMI\AppData\Local\Temp\ccZ63ES7.s 			page 21


 992              	.Ldebug_line0:
 993 0000 D0010000 		.section	.debug_str,"MS",%progbits,1
 993      0200AF01 
 993      00000201 
 993      FB0E0D00 
 993      01010101 
 994              	.LASF41:
 995 0000 63707573 		.ascii	"cpussFlashPaSize\000"
 995      73466C61 
 995      73685061 
 995      53697A65 
 995      00
 996              	.LASF94:
 997 0011 63707573 		.ascii	"cpussTrimRamCtlOffset\000"
 997      73547269 
 997      6D52616D 
 997      43746C4F 
 997      66667365 
 998              	.LASF47:
 999 0027 73727373 		.ascii	"srssNumHfroot\000"
 999      4E756D48 
 999      66726F6F 
 999      7400
 1000              	.LASF87:
 1001 0035 6770696F 		.ascii	"gpioPrtCfgOutOffset\000"
 1001      50727443 
 1001      66674F75 
 1001      744F6666 
 1001      73657400 
 1002              	.LASF34:
 1003 0049 6873696F 		.ascii	"hsiomVersion\000"
 1003      6D566572 
 1003      73696F6E 
 1003      00
 1004              	.LASF112:
 1005 0056 433A5C55 		.ascii	"C:\\Users\\SOHL.CYSEMI\\Documents\\PSoC Creator\\Le"
 1005      73657273 
 1005      5C534F48 
 1005      4C2E4359 
 1005      53454D49 
 1006 0084 61726E5C 		.ascii	"arn\\embrace_change.cydsn\000"
 1006      656D6272 
 1006      6163655F 
 1006      6368616E 
 1006      67652E63 
 1007              	.LASF86:
 1008 009d 6770696F 		.ascii	"gpioPrtCfgInOffset\000"
 1008      50727443 
 1008      6667496E 
 1008      4F666673 
 1008      657400
 1009              	.LASF40:
 1010 00b0 63707573 		.ascii	"cpussDwChNr\000"
 1010      73447743 
 1010      684E7200 
 1011              	.LASF28:
 1012 00bc 63727970 		.ascii	"cryptoBase\000"
ARM GAS  C:\Users\SOHL.CYSEMI\AppData\Local\Temp\ccZ63ES7.s 			page 22


 1012      746F4261 
 1012      736500
 1013              	.LASF89:
 1014 00c7 63707573 		.ascii	"cpussCm0ClockCtlOffset\000"
 1014      73436D30 
 1014      436C6F63 
 1014      6B43746C 
 1014      4F666673 
 1015              	.LASF111:
 1016 00de 6D61696E 		.ascii	"main_cm0p.c\000"
 1016      5F636D30 
 1016      702E6300 
 1017              	.LASF0:
 1018 00ea 73686F72 		.ascii	"short int\000"
 1018      7420696E 
 1018      7400
 1019              	.LASF58:
 1020 00f4 666C6173 		.ascii	"flashWriteDelay\000"
 1020      68577269 
 1020      74654465 
 1020      6C617900 
 1021              	.LASF17:
 1022 0104 73697A65 		.ascii	"sizetype\000"
 1022      74797065 
 1022      00
 1023              	.LASF35:
 1024 010d 69706356 		.ascii	"ipcVersion\000"
 1024      65727369 
 1024      6F6E00
 1025              	.LASF101:
 1026 0118 63707573 		.ascii	"cpussRam1Ctl0\000"
 1026      7352616D 
 1026      3143746C 
 1026      3000
 1027              	.LASF105:
 1028 0126 63795F73 		.ascii	"cy_stc_device_t\000"
 1028      74635F64 
 1028      65766963 
 1028      655F7400 
 1029              	.LASF110:
 1030 0136 474E5520 		.ascii	"GNU C11 5.4.1 20160609 (release) [ARM/embedded-5-br"
 1030      43313120 
 1030      352E342E 
 1030      31203230 
 1030      31363036 
 1031 0169 616E6368 		.ascii	"anch revision 237715] -mcpu=cortex-m0plus -mthumb -"
 1031      20726576 
 1031      6973696F 
 1031      6E203233 
 1031      37373135 
 1032 019c 67202D4F 		.ascii	"g -Og -ffunction-sections -ffat-lto-objects\000"
 1032      67202D66 
 1032      66756E63 
 1032      74696F6E 
 1032      2D736563 
 1033              	.LASF37:
 1034 01c8 70726F74 		.ascii	"protVersion\000"
ARM GAS  C:\Users\SOHL.CYSEMI\AppData\Local\Temp\ccZ63ES7.s 			page 23


 1034      56657273 
 1034      696F6E00 
 1035              	.LASF114:
 1036 01d4 6D61696E 		.ascii	"main\000"
 1036      00
 1037              	.LASF8:
 1038 01d9 5F5F7569 		.ascii	"__uint32_t\000"
 1038      6E743332 
 1038      5F7400
 1039              	.LASF61:
 1040 01e4 666C6173 		.ascii	"flashCtlMainWs0Freq\000"
 1040      6843746C 
 1040      4D61696E 
 1040      57733046 
 1040      72657100 
 1041              	.LASF19:
 1042 01f8 63707573 		.ascii	"cpussBase\000"
 1042      73426173 
 1042      6500
 1043              	.LASF29:
 1044 0202 63707573 		.ascii	"cpussVersion\000"
 1044      73566572 
 1044      73696F6E 
 1044      00
 1045              	.LASF5:
 1046 020f 5F5F7569 		.ascii	"__uint16_t\000"
 1046      6E743136 
 1046      5F7400
 1047              	.LASF56:
 1048 021a 666C6173 		.ascii	"flashRwwRequired\000"
 1048      68527777 
 1048      52657175 
 1048      69726564 
 1048      00
 1049              	.LASF13:
 1050 022b 75696E74 		.ascii	"uint8_t\000"
 1050      385F7400 
 1051              	.LASF36:
 1052 0233 70657269 		.ascii	"periVersion\000"
 1052      56657273 
 1052      696F6E00 
 1053              	.LASF67:
 1054 023f 64774368 		.ascii	"dwChSize\000"
 1054      53697A65 
 1054      00
 1055              	.LASF68:
 1056 0248 64774368 		.ascii	"dwChCtlPrioPos\000"
 1056      43746C50 
 1056      72696F50 
 1056      6F7300
 1057              	.LASF42:
 1058 0257 63707573 		.ascii	"cpussIpc0Irq\000"
 1058      73497063 
 1058      30497271 
 1058      00
 1059              	.LASF97:
 1060 0264 63707573 		.ascii	"cpussCm0NmiCtlOffset\000"
ARM GAS  C:\Users\SOHL.CYSEMI\AppData\Local\Temp\ccZ63ES7.s 			page 24


 1060      73436D30 
 1060      4E6D6943 
 1060      746C4F66 
 1060      66736574 
 1061              	.LASF24:
 1062 0279 6873696F 		.ascii	"hsiomBase\000"
 1062      6D426173 
 1062      6500
 1063              	.LASF107:
 1064 0283 666C6F61 		.ascii	"float\000"
 1064      7400
 1065              	.LASF88:
 1066 0289 6770696F 		.ascii	"gpioPrtCfgSioOffset\000"
 1066      50727443 
 1066      66675369 
 1066      6F4F6666 
 1066      73657400 
 1067              	.LASF10:
 1068 029d 6C6F6E67 		.ascii	"long long int\000"
 1068      206C6F6E 
 1068      6720696E 
 1068      7400
 1069              	.LASF53:
 1070 02ab 73797350 		.ascii	"sysPmSimoPresent\000"
 1070      6D53696D 
 1070      6F507265 
 1070      73656E74 
 1070      00
 1071              	.LASF71:
 1072 02bc 64775374 		.ascii	"dwStatusChIdxMsk\000"
 1072      61747573 
 1072      43684964 
 1072      784D736B 
 1072      00
 1073              	.LASF96:
 1074 02cd 63707573 		.ascii	"cpussSysTickCtlOffset\000"
 1074      73537973 
 1074      5469636B 
 1074      43746C4F 
 1074      66667365 
 1075              	.LASF7:
 1076 02e3 6C6F6E67 		.ascii	"long int\000"
 1076      20696E74 
 1076      00
 1077              	.LASF113:
 1078 02ec 5F5F656E 		.ascii	"__enable_irq\000"
 1078      61626C65 
 1078      5F697271 
 1078      00
 1079              	.LASF20:
 1080 02f9 666C6173 		.ascii	"flashcBase\000"
 1080      68634261 
 1080      736500
 1081              	.LASF84:
 1082 0304 6770696F 		.ascii	"gpioPrtIntrCfgOffset\000"
 1082      50727449 
 1082      6E747243 
ARM GAS  C:\Users\SOHL.CYSEMI\AppData\Local\Temp\ccZ63ES7.s 			page 25


 1082      66674F66 
 1082      66736574 
 1083              	.LASF66:
 1084 0319 64774368 		.ascii	"dwChOffset\000"
 1084      4F666673 
 1084      657400
 1085              	.LASF3:
 1086 0324 5F5F7569 		.ascii	"__uint8_t\000"
 1086      6E74385F 
 1086      7400
 1087              	.LASF39:
 1088 032e 63707573 		.ascii	"cpussIpcIrqNr\000"
 1088      73497063 
 1088      4972714E 
 1088      7200
 1089              	.LASF81:
 1090 033c 70657269 		.ascii	"periDiv16CtlOffset\000"
 1090      44697631 
 1090      3643746C 
 1090      4F666673 
 1090      657400
 1091              	.LASF80:
 1092 034f 70657269 		.ascii	"periDiv8CtlOffset\000"
 1092      44697638 
 1092      43746C4F 
 1092      66667365 
 1092      7400
 1093              	.LASF90:
 1094 0361 63707573 		.ascii	"cpussCm4ClockCtlOffset\000"
 1094      73436D34 
 1094      436C6F63 
 1094      6B43746C 
 1094      4F666673 
 1095              	.LASF73:
 1096 0378 70657269 		.ascii	"periTrCmdGrSelMsk\000"
 1096      5472436D 
 1096      64477253 
 1096      656C4D73 
 1096      6B00
 1097              	.LASF64:
 1098 038a 666C6173 		.ascii	"flashCtlMainWs3Freq\000"
 1098      6843746C 
 1098      4D61696E 
 1098      57733346 
 1098      72657100 
 1099              	.LASF52:
 1100 039e 75646250 		.ascii	"udbPresent\000"
 1100      72657365 
 1100      6E7400
 1101              	.LASF18:
 1102 03a9 6C6F6E67 		.ascii	"long double\000"
 1102      20646F75 
 1102      626C6500 
 1103              	.LASF102:
 1104 03b5 63707573 		.ascii	"cpussRam2Ctl0\000"
 1104      7352616D 
 1104      3243746C 
ARM GAS  C:\Users\SOHL.CYSEMI\AppData\Local\Temp\ccZ63ES7.s 			page 26


 1104      3000
 1105              	.LASF26:
 1106 03c3 70617373 		.ascii	"passBase\000"
 1106      42617365 
 1106      00
 1107              	.LASF1:
 1108 03cc 756E7369 		.ascii	"unsigned char\000"
 1108      676E6564 
 1108      20636861 
 1108      7200
 1109              	.LASF21:
 1110 03da 70657269 		.ascii	"periBase\000"
 1110      42617365 
 1110      00
 1111              	.LASF2:
 1112 03e3 7369676E 		.ascii	"signed char\000"
 1112      65642063 
 1112      68617200 
 1113              	.LASF11:
 1114 03ef 6C6F6E67 		.ascii	"long long unsigned int\000"
 1114      206C6F6E 
 1114      6720756E 
 1114      7369676E 
 1114      65642069 
 1115              	.LASF25:
 1116 0406 6770696F 		.ascii	"gpioBase\000"
 1116      42617365 
 1116      00
 1117              	.LASF16:
 1118 040f 75696E74 		.ascii	"uint32_t\000"
 1118      33325F74 
 1118      00
 1119              	.LASF91:
 1120 0418 63707573 		.ascii	"cpussCm4StatusOffset\000"
 1120      73436D34 
 1120      53746174 
 1120      75734F66 
 1120      66736574 
 1121              	.LASF12:
 1122 042d 756E7369 		.ascii	"unsigned int\000"
 1122      676E6564 
 1122      20696E74 
 1122      00
 1123              	.LASF45:
 1124 043a 73727373 		.ascii	"srssNumClkpath\000"
 1124      4E756D43 
 1124      6C6B7061 
 1124      746800
 1125              	.LASF79:
 1126 0449 70657269 		.ascii	"periDivCmdPaTypeSelPos\000"
 1126      44697643 
 1126      6D645061 
 1126      54797065 
 1126      53656C50 
 1127              	.LASF44:
 1128 0460 63707573 		.ascii	"cpussNotConnectedIrq\000"
 1128      734E6F74 
ARM GAS  C:\Users\SOHL.CYSEMI\AppData\Local\Temp\ccZ63ES7.s 			page 27


 1128      436F6E6E 
 1128      65637465 
 1128      64497271 
 1129              	.LASF60:
 1130 0475 666C6173 		.ascii	"flashEraseDelay\000"
 1130      68457261 
 1130      73654465 
 1130      6C617900 
 1131              	.LASF83:
 1132 0485 70657269 		.ascii	"periDiv24_5CtlOffset\000"
 1132      44697632 
 1132      345F3543 
 1132      746C4F66 
 1132      66736574 
 1133              	.LASF6:
 1134 049a 73686F72 		.ascii	"short unsigned int\000"
 1134      7420756E 
 1134      7369676E 
 1134      65642069 
 1134      6E7400
 1135              	.LASF106:
 1136 04ad 63686172 		.ascii	"char\000"
 1136      00
 1137              	.LASF15:
 1138 04b2 75696E74 		.ascii	"uint16_t\000"
 1138      31365F74 
 1138      00
 1139              	.LASF54:
 1140 04bb 70726F74 		.ascii	"protBusMasterMask\000"
 1140      4275734D 
 1140      61737465 
 1140      724D6173 
 1140      6B00
 1141              	.LASF77:
 1142 04cd 70657269 		.ascii	"periDivCmdTypeSelPos\000"
 1142      44697643 
 1142      6D645479 
 1142      70655365 
 1142      6C506F73 
 1143              	.LASF76:
 1144 04e2 70657269 		.ascii	"periDivCmdDivSelMsk\000"
 1144      44697643 
 1144      6D644469 
 1144      7653656C 
 1144      4D736B00 
 1145              	.LASF22:
 1146 04f6 75646242 		.ascii	"udbBase\000"
 1146      61736500 
 1147              	.LASF48:
 1148 04fe 70657269 		.ascii	"periClockNr\000"
 1148      436C6F63 
 1148      6B4E7200 
 1149              	.LASF46:
 1150 050a 73727373 		.ascii	"srssNumPll\000"
 1150      4E756D50 
 1150      6C6C00
 1151              	.LASF14:
ARM GAS  C:\Users\SOHL.CYSEMI\AppData\Local\Temp\ccZ63ES7.s 			page 28


 1152 0515 696E7431 		.ascii	"int16_t\000"
 1152      365F7400 
 1153              	.LASF109:
 1154 051d 5F426F6F 		.ascii	"_Bool\000"
 1154      6C00
 1155              	.LASF33:
 1156 0523 6770696F 		.ascii	"gpioVersion\000"
 1156      56657273 
 1156      696F6E00 
 1157              	.LASF72:
 1158 052f 70657269 		.ascii	"periTrCmdOffset\000"
 1158      5472436D 
 1158      644F6666 
 1158      73657400 
 1159              	.LASF55:
 1160 053f 63727970 		.ascii	"cryptoMemSize\000"
 1160      746F4D65 
 1160      6D53697A 
 1160      6500
 1161              	.LASF85:
 1162 054d 6770696F 		.ascii	"gpioPrtCfgOffset\000"
 1162      50727443 
 1162      66674F66 
 1162      66736574 
 1162      00
 1163              	.LASF30:
 1164 055e 63727970 		.ascii	"cryptoVersion\000"
 1164      746F5665 
 1164      7273696F 
 1164      6E00
 1165              	.LASF116:
 1166 056c 43795F53 		.ascii	"Cy_SysEnableCM4\000"
 1166      7973456E 
 1166      61626C65 
 1166      434D3400 
 1167              	.LASF93:
 1168 057c 63707573 		.ascii	"cpussCm4PwrCtlOffset\000"
 1168      73436D34 
 1168      50777243 
 1168      746C4F66 
 1168      66736574 
 1169              	.LASF62:
 1170 0591 666C6173 		.ascii	"flashCtlMainWs1Freq\000"
 1170      6843746C 
 1170      4D61696E 
 1170      57733146 
 1170      72657100 
 1171              	.LASF9:
 1172 05a5 6C6F6E67 		.ascii	"long unsigned int\000"
 1172      20756E73 
 1172      69676E65 
 1172      6420696E 
 1172      7400
 1173              	.LASF108:
 1174 05b7 646F7562 		.ascii	"double\000"
 1174      6C6500
 1175              	.LASF100:
ARM GAS  C:\Users\SOHL.CYSEMI\AppData\Local\Temp\ccZ63ES7.s 			page 29


 1176 05be 63707573 		.ascii	"cpussRam0Ctl0\000"
 1176      7352616D 
 1176      3043746C 
 1176      3000
 1177              	.LASF31:
 1178 05cc 64775665 		.ascii	"dwVersion\000"
 1178      7273696F 
 1178      6E00
 1179              	.LASF38:
 1180 05d6 63707573 		.ascii	"cpussIpcNr\000"
 1180      73497063 
 1180      4E7200
 1181              	.LASF32:
 1182 05e1 666C6173 		.ascii	"flashcVersion\000"
 1182      68635665 
 1182      7273696F 
 1182      6E00
 1183              	.LASF115:
 1184 05ef 63795F64 		.ascii	"cy_device\000"
 1184      65766963 
 1184      6500
 1185              	.LASF65:
 1186 05f9 666C6173 		.ascii	"flashCtlMainWs4Freq\000"
 1186      6843746C 
 1186      4D61696E 
 1186      57733446 
 1186      72657100 
 1187              	.LASF43:
 1188 060d 63707573 		.ascii	"cpussFmIrq\000"
 1188      73466D49 
 1188      727100
 1189              	.LASF78:
 1190 0618 70657269 		.ascii	"periDivCmdPaDivSelPos\000"
 1190      44697643 
 1190      6D645061 
 1190      44697653 
 1190      656C506F 
 1191              	.LASF50:
 1192 062e 70617373 		.ascii	"passSarChannels\000"
 1192      53617243 
 1192      68616E6E 
 1192      656C7300 
 1193              	.LASF59:
 1194 063e 666C6173 		.ascii	"flashProgramDelay\000"
 1194      6850726F 
 1194      6772616D 
 1194      44656C61 
 1194      7900
 1195              	.LASF104:
 1196 0650 6970634C 		.ascii	"ipcLockStatusOffset\000"
 1196      6F636B53 
 1196      74617475 
 1196      734F6666 
 1196      73657400 
 1197              	.LASF4:
 1198 0664 5F5F696E 		.ascii	"__int16_t\000"
 1198      7431365F 
ARM GAS  C:\Users\SOHL.CYSEMI\AppData\Local\Temp\ccZ63ES7.s 			page 30


 1198      7400
 1199              	.LASF98:
 1200 066e 63707573 		.ascii	"cpussCm4NmiCtlOffset\000"
 1200      73436D34 
 1200      4E6D6943 
 1200      746C4F66 
 1200      66736574 
 1201              	.LASF51:
 1202 0683 65704D6F 		.ascii	"epMonitorNr\000"
 1202      6E69746F 
 1202      724E7200 
 1203              	.LASF63:
 1204 068f 666C6173 		.ascii	"flashCtlMainWs2Freq\000"
 1204      6843746C 
 1204      4D61696E 
 1204      57733246 
 1204      72657100 
 1205              	.LASF82:
 1206 06a3 70657269 		.ascii	"periDiv16_5CtlOffset\000"
 1206      44697631 
 1206      365F3543 
 1206      746C4F66 
 1206      66736574 
 1207              	.LASF74:
 1208 06b8 70657269 		.ascii	"periTrGrOffset\000"
 1208      54724772 
 1208      4F666673 
 1208      657400
 1209              	.LASF95:
 1210 06c7 63707573 		.ascii	"cpussTrimRomCtlOffset\000"
 1210      73547269 
 1210      6D526F6D 
 1210      43746C4F 
 1210      66667365 
 1211              	.LASF57:
 1212 06dd 666C6173 		.ascii	"flashPipeRequired\000"
 1212      68506970 
 1212      65526571 
 1212      75697265 
 1212      6400
 1213              	.LASF103:
 1214 06ef 69706353 		.ascii	"ipcStructSize\000"
 1214      74727563 
 1214      7453697A 
 1214      6500
 1215              	.LASF27:
 1216 06fd 69706342 		.ascii	"ipcBase\000"
 1216      61736500 
 1217              	.LASF23:
 1218 0705 70726F74 		.ascii	"protBase\000"
 1218      42617365 
 1218      00
 1219              	.LASF99:
 1220 070e 63707573 		.ascii	"cpussRomCtl\000"
 1220      73526F6D 
 1220      43746C00 
 1221              	.LASF49:
ARM GAS  C:\Users\SOHL.CYSEMI\AppData\Local\Temp\ccZ63ES7.s 			page 31


 1222 071a 736D6966 		.ascii	"smifDeviceNr\000"
 1222      44657669 
 1222      63654E72 
 1222      00
 1223              	.LASF92:
 1224 0727 63707573 		.ascii	"cpussCm0StatusOffset\000"
 1224      73436D30 
 1224      53746174 
 1224      75734F66 
 1224      66736574 
 1225              	.LASF70:
 1226 073c 64775374 		.ascii	"dwStatusChIdxPos\000"
 1226      61747573 
 1226      43684964 
 1226      78506F73 
 1226      00
 1227              	.LASF69:
 1228 074d 64774368 		.ascii	"dwChCtlPreemptablePos\000"
 1228      43746C50 
 1228      7265656D 
 1228      70746162 
 1228      6C65506F 
 1229              	.LASF75:
 1230 0763 70657269 		.ascii	"periTrGrSize\000"
 1230      54724772 
 1230      53697A65 
 1230      00
 1231              		.ident	"GCC: (GNU Tools for ARM Embedded Processors) 5.4.1 20160609 (release) [ARM/embedded-5-bran
